[debug] [2020-05-09T19:42:00.340Z] ----------------------------------------------------------------------
[debug] [2020-05-09T19:42:00.342Z] Command:       /usr/bin/node /home/marco/projetos/corona-virus/corona-virus/node_modules/.bin/firebase deploy --token 
[debug] [2020-05-09T19:42:00.342Z] CLI Version:   8.2.0
[debug] [2020-05-09T19:42:00.342Z] Platform:      linux
[debug] [2020-05-09T19:42:00.342Z] Node Version:  v13.8.0
[debug] [2020-05-09T19:42:00.342Z] Time:          Sat May 09 2020 16:42:00 GMT-0300 (Brasilia Standard Time)
[debug] [2020-05-09T19:42:00.342Z] ----------------------------------------------------------------------
[debug] [2020-05-09T19:42:00.343Z] 
[debug] [2020-05-09T19:42:00.347Z] > command requires scopes: ["email","openid","https://www.googleapis.com/auth/cloudplatformprojects.readonly","https://www.googleapis.com/auth/firebase","https://www.googleapis.com/auth/cloud-platform"]
[debug] [2020-05-09T19:42:00.347Z] > authorizing via signed-in user
[debug] [2020-05-09T19:42:00.347Z] [iam] checking project mg-corona-virus for permissions ["firebase.projects.get","firebasehosting.sites.update"]
[debug] [2020-05-09T19:42:00.349Z] > refreshing access token with scopes: ["email","https://www.googleapis.com/auth/cloud-platform","https://www.googleapis.com/auth/cloudplatformprojects.readonly","https://www.googleapis.com/auth/firebase","openid"]
[debug] [2020-05-09T19:42:00.349Z] >>> HTTP REQUEST POST https://www.googleapis.com/oauth2/v3/token  
 <request body omitted>
[debug] [2020-05-09T19:42:00.742Z] <<< HTTP RESPONSE 200 {"content-type":"application/json; charset=utf-8","vary":"X-Origin, Referer, Origin,Accept-Encoding","date":"Sat, 09 May 2020 19:42:00 GMT","server":"scaffolding on HTTPServer2","cache-control":"private","x-xss-protection":"0","x-frame-options":"SAMEORIGIN","x-content-type-options":"nosniff","alt-svc":"h3-27=\":443\"; ma=2592000,h3-25=\":443\"; ma=2592000,h3-Q050=\":443\"; ma=2592000,h3-Q049=\":443\"; ma=2592000,h3-Q048=\":443\"; ma=2592000,h3-Q046=\":443\"; ma=2592000,h3-Q043=\":443\"; ma=2592000,quic=\":443\"; ma=2592000; v=\"46,43\"","accept-ranges":"none","transfer-encoding":"chunked"}
[debug] [2020-05-09T19:42:00.750Z] >>> HTTP REQUEST POST https://cloudresourcemanager.googleapis.com/v1/projects/mg-corona-virus:testIamPermissions  
 {"permissions":["firebase.projects.get","firebasehosting.sites.update"]}
[debug] [2020-05-09T19:42:02.051Z] <<< HTTP RESPONSE 200 {"content-type":"application/json; charset=UTF-8","vary":"X-Origin, Referer, Origin,Accept-Encoding","date":"Sat, 09 May 2020 19:42:01 GMT","server":"ESF","cache-control":"private","x-xss-protection":"0","x-frame-options":"SAMEORIGIN","x-content-type-options":"nosniff","server-timing":"gfet4t7; dur=847","alt-svc":"h3-27=\":443\"; ma=2592000,h3-25=\":443\"; ma=2592000,h3-Q050=\":443\"; ma=2592000,h3-Q049=\":443\"; ma=2592000,h3-Q048=\":443\"; ma=2592000,h3-Q046=\":443\"; ma=2592000,h3-Q043=\":443\"; ma=2592000,quic=\":443\"; ma=2592000; v=\"46,43\"","accept-ranges":"none","transfer-encoding":"chunked"}
[debug] [2020-05-09T19:42:02.054Z] >>> HTTP REQUEST GET https://firebase.googleapis.com/v1beta1/projects/mg-corona-virus  
 
[debug] [2020-05-09T19:42:02.768Z] <<< HTTP RESPONSE 200 {"content-type":"application/json; charset=UTF-8","vary":"X-Origin, Referer, Origin,Accept-Encoding","date":"Sat, 09 May 2020 19:42:02 GMT","server":"ESF","cache-control":"private","x-xss-protection":"0","x-frame-options":"SAMEORIGIN","x-content-type-options":"nosniff","alt-svc":"h3-27=\":443\"; ma=2592000,h3-25=\":443\"; ma=2592000,h3-Q050=\":443\"; ma=2592000,h3-Q049=\":443\"; ma=2592000,h3-Q048=\":443\"; ma=2592000,h3-Q046=\":443\"; ma=2592000,h3-Q043=\":443\"; ma=2592000,quic=\":443\"; ma=2592000; v=\"46,43\"","accept-ranges":"none","transfer-encoding":"chunked"}
[info] 
[info] === Deploying to 'mg-corona-virus'...
[info] 
[info] i  deploying hosting
[debug] [2020-05-09T19:42:02.777Z] >>> HTTP REQUEST POST https://firebasehosting.googleapis.com/v1beta1/sites/mg-corona-virus/versions  
 {"config":{"rewrites":[{"glob":"**","path":"/index.html"}]},"labels":{"deployment-tool":"cli-firebase"}}
[debug] [2020-05-09T19:42:04.713Z] <<< HTTP RESPONSE 200 {"content-type":"application/json; charset=UTF-8","vary":"X-Origin, Referer, Origin,Accept-Encoding","date":"Sat, 09 May 2020 19:42:04 GMT","server":"ESF","cache-control":"private","x-xss-protection":"0","x-frame-options":"SAMEORIGIN","x-content-type-options":"nosniff","alt-svc":"h3-27=\":443\"; ma=2592000,h3-25=\":443\"; ma=2592000,h3-Q050=\":443\"; ma=2592000,h3-Q049=\":443\"; ma=2592000,h3-Q048=\":443\"; ma=2592000,h3-Q046=\":443\"; ma=2592000,h3-Q043=\":443\"; ma=2592000,quic=\":443\"; ma=2592000; v=\"46,43\"","accept-ranges":"none","transfer-encoding":"chunked"}
[info] i  hosting[mg-corona-virus]: beginning deploy...
[info] i  hosting[mg-corona-virus]: found 18 files in build
[debug] [2020-05-09T19:42:04.742Z] [hosting] hash cache [YnVpbGQ] stored for 18 files
[debug] [2020-05-09T19:42:04.742Z] [hosting][hash queue][FINAL] {"max":2,"min":0,"avg":0,"active":0,"complete":18,"success":18,"errored":0,"retried":0,"total":18,"elapsed":5}
[debug] [2020-05-09T19:42:04.742Z] >>> HTTP REQUEST POST https://firebasehosting.googleapis.com/v1beta1/sites/mg-corona-virus/versions/07ebdecf9eda3244:populateFiles  
 <request body omitted>
[debug] [2020-05-09T19:42:06.147Z] <<< HTTP RESPONSE 200 {"content-type":"application/json; charset=UTF-8","vary":"X-Origin, Referer, Origin,Accept-Encoding","date":"Sat, 09 May 2020 19:42:05 GMT","server":"ESF","cache-control":"private","x-xss-protection":"0","x-frame-options":"SAMEORIGIN","x-content-type-options":"nosniff","alt-svc":"h3-27=\":443\"; ma=2592000,h3-25=\":443\"; ma=2592000,h3-Q050=\":443\"; ma=2592000,h3-Q049=\":443\"; ma=2592000,h3-Q048=\":443\"; ma=2592000,h3-Q046=\":443\"; ma=2592000,h3-Q043=\":443\"; ma=2592000,quic=\":443\"; ma=2592000; v=\"46,43\"","accept-ranges":"none","transfer-encoding":"chunked"}
[debug] [2020-05-09T19:42:06.148Z] [hosting][populate queue][FINAL] {"max":1408,"min":1408,"avg":1408,"active":0,"complete":1,"success":1,"errored":0,"retried":0,"total":1,"elapsed":1408}
[debug] [2020-05-09T19:42:06.149Z] [hosting] uploads queued: 0
[debug] [2020-05-09T19:42:06.149Z] [hosting][upload queue][FINAL] {"max":0,"min":9999999999,"avg":0,"active":0,"complete":0,"success":0,"errored":0,"retried":0,"total":0,"elapsed":1589053326149}
[info] ✔  hosting[mg-corona-virus]: file upload complete
[debug] [2020-05-09T19:42:06.151Z] [hosting] deploy completed after 1435ms
[debug] [2020-05-09T19:42:06.444Z] [
  {
    "config": {
      "public": "build",
      "ignore": [
        "firebase.json",
        "**/.*",
        "**/node_modules/**"
      ],
      "rewrites": [
        {
          "source": "**",
          "destination": "/index.html"
        }
      ],
      "site": "mg-corona-virus"
    },
    "site": "mg-corona-virus",
    "version": "sites/mg-corona-virus/versions/07ebdecf9eda3244"
  }
]
[info] i  hosting[mg-corona-virus]: finalizing version...
[debug] [2020-05-09T19:42:06.446Z] >>> HTTP REQUEST PATCH https://firebasehosting.googleapis.com/v1beta1/sites/mg-corona-virus/versions/07ebdecf9eda3244?updateMask=status  
 {"status":"FINALIZED"}
[debug] [2020-05-09T19:42:07.888Z] <<< HTTP RESPONSE 200 {"content-type":"application/json; charset=UTF-8","vary":"X-Origin, Referer, Origin,Accept-Encoding","date":"Sat, 09 May 2020 19:42:07 GMT","server":"ESF","cache-control":"private","x-xss-protection":"0","x-frame-options":"SAMEORIGIN","x-content-type-options":"nosniff","alt-svc":"h3-27=\":443\"; ma=2592000,h3-25=\":443\"; ma=2592000,h3-Q050=\":443\"; ma=2592000,h3-Q049=\":443\"; ma=2592000,h3-Q048=\":443\"; ma=2592000,h3-Q046=\":443\"; ma=2592000,h3-Q043=\":443\"; ma=2592000,quic=\":443\"; ma=2592000; v=\"46,43\"","accept-ranges":"none","transfer-encoding":"chunked"}
[debug] [2020-05-09T19:42:12.575Z] ----------------------------------------------------------------------
[debug] [2020-05-09T19:42:12.577Z] Command:       /usr/bin/node /home/marco/projetos/corona-virus/corona-virus/node_modules/.bin/firebase deploy --token 123123
[debug] [2020-05-09T19:42:12.577Z] CLI Version:   8.2.0
[debug] [2020-05-09T19:42:12.577Z] Platform:      linux
[debug] [2020-05-09T19:42:12.577Z] Node Version:  v13.8.0
[debug] [2020-05-09T19:42:12.577Z] Time:          Sat May 09 2020 16:42:12 GMT-0300 (Brasilia Standard Time)
[debug] [2020-05-09T19:42:12.577Z] ----------------------------------------------------------------------
[debug] [2020-05-09T19:42:12.577Z] 
[debug] [2020-05-09T19:42:12.582Z] > command requires scopes: ["email","openid","https://www.googleapis.com/auth/cloudplatformprojects.readonly","https://www.googleapis.com/auth/firebase","https://www.googleapis.com/auth/cloud-platform"]
[debug] [2020-05-09T19:42:12.582Z] > authorizing via --token option
[debug] [2020-05-09T19:42:12.582Z] [iam] checking project mg-corona-virus for permissions ["firebase.projects.get","firebasehosting.sites.update"]
[debug] [2020-05-09T19:42:12.584Z] > refreshing access token with scopes: ["email","openid","https://www.googleapis.com/auth/cloudplatformprojects.readonly","https://www.googleapis.com/auth/firebase","https://www.googleapis.com/auth/cloud-platform"]
[debug] [2020-05-09T19:42:12.584Z] >>> HTTP REQUEST POST https://www.googleapis.com/oauth2/v3/token  
 <request body omitted>
[debug] [2020-05-09T19:42:13.624Z] <<< HTTP RESPONSE 400 {"content-type":"application/json; charset=utf-8","vary":"X-Origin, Referer, Origin,Accept-Encoding","date":"Sat, 09 May 2020 19:42:13 GMT","server":"scaffolding on HTTPServer2","cache-control":"private","x-xss-protection":"0","x-frame-options":"SAMEORIGIN","x-content-type-options":"nosniff","alt-svc":"h3-27=\":443\"; ma=2592000,h3-25=\":443\"; ma=2592000,h3-Q050=\":443\"; ma=2592000,h3-Q049=\":443\"; ma=2592000,h3-Q048=\":443\"; ma=2592000,h3-Q046=\":443\"; ma=2592000,h3-Q043=\":443\"; ma=2592000,quic=\":443\"; ma=2592000; v=\"46,43\"","accept-ranges":"none","transfer-encoding":"chunked"}
[debug] [2020-05-09T19:42:13.627Z] >>> HTTP REQUEST POST https://cloudresourcemanager.googleapis.com/v1/projects/mg-corona-virus:testIamPermissions  
 {"permissions":["firebase.projects.get","firebasehosting.sites.update"]}
[debug] [2020-05-09T19:42:14.703Z] <<< HTTP RESPONSE 401 {"www-authenticate":"Bearer realm=\"https://accounts.google.com/\", error=\"invalid_token\"","vary":"X-Origin, Referer, Origin,Accept-Encoding","content-type":"application/json; charset=UTF-8","date":"Sat, 09 May 2020 19:42:14 GMT","server":"ESF","cache-control":"private","x-xss-protection":"0","x-frame-options":"SAMEORIGIN","x-content-type-options":"nosniff","server-timing":"gfet4t7; dur=816","alt-svc":"h3-27=\":443\"; ma=2592000,h3-25=\":443\"; ma=2592000,h3-Q050=\":443\"; ma=2592000,h3-Q049=\":443\"; ma=2592000,h3-Q048=\":443\"; ma=2592000,h3-Q046=\":443\"; ma=2592000,h3-Q043=\":443\"; ma=2592000,quic=\":443\"; ma=2592000; v=\"46,43\"","accept-ranges":"none","transfer-encoding":"chunked"}
[debug] [2020-05-09T19:42:14.703Z] <<< HTTP RESPONSE BODY {"error":{"code":401,"message":"Request had invalid authentication credentials. Expected OAuth 2 access token, login cookie or other valid authentication credential. See https://developers.google.com/identity/sign-in/web/devconsole-project.","status":"UNAUTHENTICATED"}}
[debug] [2020-05-09T19:42:14.705Z] [iam] error while checking permissions, command may fail: FirebaseError: HTTP Error: 401, Request had invalid authentication credentials. Expected OAuth 2 access token, login cookie or other valid authentication credential. See https://developers.google.com/identity/sign-in/web/devconsole-project.
[debug] [2020-05-09T19:42:14.706Z] > refreshing access token with scopes: ["email","openid","https://www.googleapis.com/auth/cloudplatformprojects.readonly","https://www.googleapis.com/auth/firebase","https://www.googleapis.com/auth/cloud-platform"]
[debug] [2020-05-09T19:42:14.707Z] >>> HTTP REQUEST POST https://www.googleapis.com/oauth2/v3/token  
 <request body omitted>
[debug] [2020-05-09T19:42:14.953Z] <<< HTTP RESPONSE 400 {"content-type":"application/json; charset=utf-8","vary":"X-Origin, Referer, Origin,Accept-Encoding","date":"Sat, 09 May 2020 19:42:14 GMT","server":"scaffolding on HTTPServer2","cache-control":"private","x-xss-protection":"0","x-frame-options":"SAMEORIGIN","x-content-type-options":"nosniff","alt-svc":"h3-27=\":443\"; ma=2592000,h3-25=\":443\"; ma=2592000,h3-Q050=\":443\"; ma=2592000,h3-Q049=\":443\"; ma=2592000,h3-Q048=\":443\"; ma=2592000,h3-Q046=\":443\"; ma=2592000,h3-Q043=\":443\"; ma=2592000,quic=\":443\"; ma=2592000; v=\"46,43\"","accept-ranges":"none","transfer-encoding":"chunked"}
[debug] [2020-05-09T19:42:14.954Z] >>> HTTP REQUEST GET https://firebase.googleapis.com/v1beta1/projects/mg-corona-virus  
 
[debug] [2020-05-09T19:42:16.285Z] <<< HTTP RESPONSE 401 {"www-authenticate":"Bearer realm=\"https://accounts.google.com/\", error=\"invalid_token\"","vary":"X-Origin, Referer, Origin,Accept-Encoding","content-type":"application/json; charset=UTF-8","date":"Sat, 09 May 2020 19:42:16 GMT","server":"ESF","cache-control":"private","x-xss-protection":"0","x-frame-options":"SAMEORIGIN","x-content-type-options":"nosniff","alt-svc":"h3-27=\":443\"; ma=2592000,h3-25=\":443\"; ma=2592000,h3-Q050=\":443\"; ma=2592000,h3-Q049=\":443\"; ma=2592000,h3-Q048=\":443\"; ma=2592000,h3-Q046=\":443\"; ma=2592000,h3-Q043=\":443\"; ma=2592000,quic=\":443\"; ma=2592000; v=\"46,43\"","accept-ranges":"none","transfer-encoding":"chunked"}
[debug] [2020-05-09T19:42:16.285Z] <<< HTTP RESPONSE BODY {"error":{"code":401,"message":"Request had invalid authentication credentials. Expected OAuth 2 access token, login cookie or other valid authentication credential. See https://developers.google.com/identity/sign-in/web/devconsole-project.","status":"UNAUTHENTICATED"}}
[debug] [2020-05-09T19:42:16.287Z] HTTP Error: 401, Request had invalid authentication credentials. Expected OAuth 2 access token, login cookie or other valid authentication credential. See https://developers.google.com/identity/sign-in/web/devconsole-project.
[debug] [2020-05-09T19:42:16.542Z] FirebaseError: HTTP Error: 401, Request had invalid authentication credentials. Expected OAuth 2 access token, login cookie or other valid authentication credential. See https://developers.google.com/identity/sign-in/web/devconsole-project.
    at module.exports (/home/marco/projetos/corona-virus/corona-virus/node_modules/firebase-tools/lib/responseToError.js:38:12)
    at Request._callback (/home/marco/projetos/corona-virus/corona-virus/node_modules/firebase-tools/lib/api.js:41:35)
    at Request.self.callback (/home/marco/projetos/corona-virus/corona-virus/node_modules/request/request.js:185:22)
    at Request.emit (events.js:321:20)
    at Request.EventEmitter.emit (domain.js:485:12)
    at Request.<anonymous> (/home/marco/projetos/corona-virus/corona-virus/node_modules/request/request.js:1154:10)
    at Request.emit (events.js:321:20)
    at Request.EventEmitter.emit (domain.js:485:12)
    at IncomingMessage.<anonymous> (/home/marco/projetos/corona-virus/corona-virus/node_modules/request/request.js:1076:12)
    at Object.onceWrapper (events.js:427:28)
    at IncomingMessage.emit (events.js:333:22)
    at IncomingMessage.EventEmitter.emit (domain.js:485:12)
    at endReadableNT (_stream_readable.js:1201:12)
    at processTicksAndRejections (internal/process/task_queues.js:84:21)
[error] 
[error] Error: Failed to get Firebase project mg-corona-virus. Please make sure the project exists and your account has permission to access it.
